[debug] [2020-03-15T01:53:33.334Z] ----------------------------------------------------------------------
[debug] [2020-03-15T01:53:33.337Z] Command:       C:\Program Files\nodejs\node.exe C:\Users\Ideas2it\AppData\Roaming\npm\node_modules\firebase-tools\lib\bin\firebase.js init
[debug] [2020-03-15T01:53:33.337Z] CLI Version:   7.15.0
[debug] [2020-03-15T01:53:33.337Z] Platform:      win32
[debug] [2020-03-15T01:53:33.337Z] Node Version:  v12.14.1
[debug] [2020-03-15T01:53:33.338Z] Time:          Sun Mar 15 2020 07:23:33 GMT+0530 (India Standard Time)
[debug] [2020-03-15T01:53:33.338Z] ----------------------------------------------------------------------
[debug] [2020-03-15T01:53:33.338Z] 
[debug] [2020-03-15T01:53:33.345Z] > command requires scopes: ["email","openid","https://www.googleapis.com/auth/cloudplatformprojects.readonly","https://www.googleapis.com/auth/firebase","https://www.googleapis.com/auth/cloud-platform"]
[debug] [2020-03-15T01:53:33.345Z] > authorizing via signed-in user
[info] 
     ######## #### ########  ######## ########     ###     ######  ########
     ##        ##  ##     ## ##       ##     ##  ##   ##  ##       ##
     ######    ##  ########  ######   ########  #########  ######  ######
     ##        ##  ##    ##  ##       ##     ## ##     ##       ## ##
     ##       #### ##     ## ######## ########  ##     ##  ######  ########

You're about to initialize a Firebase project in this directory:

  D:\Personal\matrimony\sangeetha-matrimony-app\firebase-course

[info] 
=== Project Setup
[info] 
[info] First, let's associate this project directory with a Firebase project.
[info] You can create multiple project aliases by running firebase use --add, 
[info] but for now we'll just set up a default project.
[info] 
[debug] [2020-03-15T01:58:32.122Z] ----------------------------------------------------------------------
[debug] [2020-03-15T01:58:32.124Z] Command:       C:\Program Files\nodejs\node.exe C:\Users\Ideas2it\AppData\Roaming\npm\node_modules\firebase-tools\lib\bin\firebase.js init
[debug] [2020-03-15T01:58:32.125Z] CLI Version:   7.15.0
[debug] [2020-03-15T01:58:32.125Z] Platform:      win32
[debug] [2020-03-15T01:58:32.125Z] Node Version:  v12.14.1
[debug] [2020-03-15T01:58:32.125Z] Time:          Sun Mar 15 2020 07:28:32 GMT+0530 (India Standard Time)
[debug] [2020-03-15T01:58:32.126Z] ----------------------------------------------------------------------
[debug] [2020-03-15T01:58:32.126Z] 
[debug] [2020-03-15T01:58:32.133Z] > command requires scopes: ["email","openid","https://www.googleapis.com/auth/cloudplatformprojects.readonly","https://www.googleapis.com/auth/firebase","https://www.googleapis.com/auth/cloud-platform"]
[debug] [2020-03-15T01:58:32.134Z] > authorizing via signed-in user
[info] 
     ######## #### ########  ######## ########     ###     ######  ########
     ##        ##  ##     ## ##       ##     ##  ##   ##  ##       ##
     ######    ##  ########  ######   ########  #########  ######  ######
     ##        ##  ##    ##  ##       ##     ## ##     ##       ## ##
     ##       #### ##     ## ######## ########  ##     ##  ######  ########

You're about to initialize a Firebase project in this directory:

  D:\Personal\matrimony\sangeetha-matrimony-app\firebase-course

